{
  "RSpec": {
    "coverage": {
      "/home/ubuntu/workspace/SELTGroup14Project/apartments/app/helpers/apartments_helper.rb": [
        1,
        null
      ],
      "/home/ubuntu/workspace/SELTGroup14Project/apartments/app/helpers/application_helper.rb": [
        1,
        null
      ],
      "/home/ubuntu/workspace/SELTGroup14Project/apartments/app/helpers/user_helper.rb": [
        1,
        null
      ],
      "/home/ubuntu/workspace/SELTGroup14Project/apartments/app/controllers/apartments_controller.rb": [
        1,
        1,
        1,
        null,
        null,
        1,
        0,
        null,
        null,
        null,
        1,
        0,
        0,
        0,
        0,
        0,
        null,
        null,
        null,
        1,
        1,
        0,
        0,
        null,
        null,
        null,
        null,
        null,
        1,
        2,
        2,
        2,
        1,
        1,
        null,
        null,
        null,
        null,
        null,
        1,
        2,
        2,
        2,
        2,
        0,
        0,
        null,
        2,
        null,
        null,
        null,
        null,
        null,
        1,
        null,
        1,
        1,
        1,
        1,
        1,
        null,
        null,
        null,
        null,
        1,
        1,
        1,
        1,
        1,
        1,
        null,
        0,
        0,
        0,
        0,
        0,
        null,
        null,
        null,
        1,
        4,
        1,
        1,
        null,
        4,
        0,
        null,
        null,
        null,
        null,
        1,
        0,
        null,
        null,
        null,
        1,
        3,
        null,
        null
      ],
      "/home/ubuntu/workspace/SELTGroup14Project/apartments/app/controllers/application_controller.rb": [
        1,
        null,
        null,
        1,
        1,
        1,
        27,
        null,
        null,
        null,
        1,
        1,
        null,
        null
      ],
      "/home/ubuntu/workspace/SELTGroup14Project/apartments/spec/controllers/buildings_controller_spec.rb": [
        1,
        1,
        1,
        null,
        1,
        1,
        1,
        1,
        1,
        null,
        1,
        1,
        1,
        null,
        null,
        1,
        1,
        3,
        3,
        null,
        null,
        1,
        1,
        1,
        null,
        null,
        null,
        1,
        null,
        1,
        1,
        null,
        1,
        null,
        null,
        1,
        null,
        null,
        null,
        1,
        null,
        1,
        1,
        1,
        null,
        null,
        null,
        1,
        1,
        1,
        1,
        1,
        1,
        null,
        null,
        null,
        1,
        null,
        1,
        1,
        1,
        null,
        null,
        null,
        1,
        1,
        1,
        1,
        1,
        null,
        1,
        1,
        null,
        null,
        null,
        1,
        1,
        1,
        1,
        1,
        null,
        null,
        null,
        1,
        1,
        1,
        1,
        1,
        1,
        null,
        null,
        null
      ],
      "/home/ubuntu/workspace/SELTGroup14Project/apartments/app/controllers/buildings_controller.rb": [
        1,
        1,
        null,
        1,
        3,
        null,
        null,
        1,
        null,
        1,
        1,
        1,
        null,
        1,
        null,
        null,
        0,
        0,
        null,
        1,
        null,
        null,
        0,
        0,
        null,
        1,
        null,
        null,
        0,
        0,
        null,
        1,
        0,
        null,
        1,
        0,
        null,
        null,
        null,
        null,
        1,
        1,
        null,
        1,
        1,
        0,
        null,
        null,
        1,
        0,
        null,
        null,
        1,
        0,
        0,
        null,
        null,
        1,
        0,
        0,
        null,
        null,
        null,
        null,
        1,
        null,
        2,
        1,
        1,
        null,
        null,
        null,
        1,
        2,
        2,
        1,
        1,
        null,
        1,
        null,
        null,
        null,
        1,
        2,
        2,
        1,
        1,
        null,
        null,
        null,
        null,
        1,
        1,
        1,
        1,
        1,
        null,
        null,
        1,
        1,
        1,
        1,
        1,
        null,
        0,
        0,
        0,
        0,
        null,
        null,
        null,
        null,
        null,
        null
      ],
      "/home/ubuntu/workspace/SELTGroup14Project/apartments/spec/controllers/reviews_controller_spec.rb": [
        1,
        1,
        1,
        null,
        1,
        1,
        1,
        1,
        1,
        1,
        1,
        1,
        1,
        null,
        null,
        1,
        1,
        1,
        null,
        null,
        1,
        1,
        1,
        1,
        1,
        1,
        1,
        null,
        1,
        null,
        1,
        1,
        null,
        null,
        1,
        1,
        1,
        1,
        1,
        1,
        null,
        1,
        1,
        null,
        null,
        null,
        1,
        1,
        1,
        null,
        1,
        null,
        1,
        1,
        null,
        null,
        null
      ],
      "/home/ubuntu/workspace/SELTGroup14Project/apartments/app/controllers/reviews_controller.rb": [
        1,
        1,
        null,
        null,
        null,
        null,
        null,
        null,
        null,
        null,
        null,
        1,
        null,
        2,
        1,
        1,
        null,
        2,
        null,
        null,
        1,
        2,
        2,
        2,
        2,
        2,
        1,
        1,
        null,
        1,
        null,
        null,
        null,
        1,
        1,
        1,
        1,
        1,
        null,
        null,
        1,
        2,
        null,
        null
      ],
      "/home/ubuntu/workspace/SELTGroup14Project/apartments/spec/controllers/sessions_controller_spec.rb": [
        1,
        1,
        1,
        null,
        1,
        1,
        1,
        1,
        1,
        null,
        null,
        null,
        1,
        1,
        3,
        3,
        null,
        null,
        1,
        1,
        null,
        1,
        1,
        null,
        1,
        1,
        null,
        1,
        1,
        null,
        1,
        1,
        null,
        1,
        1,
        null,
        null,
        null,
        1,
        1,
        3,
        3,
        null,
        1,
        1,
        null,
        1,
        1,
        null,
        null,
        1,
        1,
        null,
        null,
        1,
        1,
        2,
        2,
        null,
        null,
        1,
        1,
        null,
        null,
        1,
        1,
        null,
        null,
        null,
        null
      ],
      "/home/ubuntu/workspace/SELTGroup14Project/apartments/app/controllers/users_controller.rb": [
        1,
        null,
        1,
        null,
        1,
        1,
        null,
        null,
        1,
        2,
        null,
        null,
        1,
        1,
        1,
        0,
        null,
        null,
        null,
        1,
        2,
        2,
        1,
        1,
        null,
        1,
        null,
        null,
        null,
        1,
        0,
        null,
        null,
        1,
        0,
        0,
        0,
        0,
        null,
        null,
        null
      ],
      "/home/ubuntu/workspace/SELTGroup14Project/apartments/app/controllers/sessions_controller.rb": [
        null,
        1,
        null,
        1,
        null,
        null,
        null,
        null,
        1,
        8,
        null,
        8,
        6,
        null,
        6,
        6,
        null,
        2,
        2,
        null,
        null,
        null,
        1,
        3,
        3,
        3,
        3,
        null,
        null,
        null
      ],
      "/home/ubuntu/workspace/SELTGroup14Project/apartments/spec/controllers/users_controller_spec.rb": [
        1,
        1,
        1,
        1,
        1,
        null,
        1,
        1,
        1,
        1,
        1,
        null,
        null,
        1,
        1,
        1,
        null,
        1,
        1,
        1,
        null,
        null,
        1,
        1,
        1,
        1,
        null,
        null,
        null,
        null,
        1,
        1,
        1,
        1,
        1,
        1,
        null,
        null,
        1,
        null,
        1,
        1,
        null,
        null,
        null,
        null
      ],
      "/home/ubuntu/workspace/SELTGroup14Project/apartments/spec/models/apartment_spec.rb": [
        1,
        null,
        1,
        1,
        1,
        null,
        null,
        1,
        1,
        null,
        null,
        1,
        1,
        null,
        null,
        1,
        1,
        null,
        null,
        1,
        1,
        null,
        null,
        1,
        1,
        null,
        null,
        1,
        1,
        5,
        null,
        null,
        1,
        1,
        null,
        null,
        1,
        1,
        null,
        null,
        1,
        1,
        null,
        null,
        1,
        1,
        null,
        null,
        1,
        1,
        null,
        null,
        null,
        null,
        2,
        null,
        null,
        2,
        null,
        null,
        2,
        null,
        null
      ],
      "/home/ubuntu/workspace/SELTGroup14Project/apartments/app/models/apartment.rb": [
        1,
        1,
        1,
        1,
        null,
        1,
        1,
        1,
        1,
        1,
        1,
        null,
        1,
        0,
        null,
        null,
        1,
        1,
        null,
        null,
        1,
        1,
        null,
        null,
        1,
        1,
        null,
        null,
        1,
        1,
        null,
        null,
        1,
        1,
        null,
        null
      ],
      "/home/ubuntu/workspace/SELTGroup14Project/apartments/spec/models/building_spec.rb": [
        1,
        null,
        1,
        1,
        1,
        null,
        null,
        1,
        1,
        null,
        1,
        1,
        null,
        null,
        1,
        1,
        null,
        null,
        1,
        null,
        1,
        5,
        null,
        null,
        1,
        1,
        null,
        null,
        1,
        1,
        null,
        null,
        1,
        1,
        null,
        null,
        1,
        1,
        null,
        null,
        1,
        1,
        null,
        null,
        null,
        2,
        null,
        null,
        2,
        null,
        null,
        null
      ],
      "/home/ubuntu/workspace/SELTGroup14Project/apartments/app/models/building.rb": [
        1,
        null,
        null,
        1,
        1,
        null,
        1,
        1,
        1,
        1,
        null,
        1,
        2,
        null,
        null,
        1,
        1,
        null,
        null,
        1,
        1,
        null,
        null,
        1,
        1,
        null,
        null,
        1,
        1,
        null,
        null,
        null
      ],
      "/home/ubuntu/workspace/SELTGroup14Project/apartments/spec/models/review_spec.rb": [
        1,
        null,
        1,
        1,
        1,
        null,
        null,
        1,
        1,
        null,
        null,
        2,
        null,
        null,
        2,
        null,
        null,
        null
      ],
      "/home/ubuntu/workspace/SELTGroup14Project/apartments/app/models/review.rb": [
        1,
        1,
        1,
        null,
        1,
        null
      ],
      "/home/ubuntu/workspace/SELTGroup14Project/apartments/spec/models/user_spec.rb": [
        1,
        null,
        1,
        1,
        1,
        null,
        null,
        1,
        1,
        null,
        1,
        1,
        null,
        1,
        1,
        null,
        1,
        1,
        null,
        1,
        1,
        1,
        null,
        1,
        1,
        null,
        1,
        1,
        null,
        null,
        2,
        null,
        null,
        2,
        null,
        null,
        2,
        null,
        null,
        null
      ],
      "/home/ubuntu/workspace/SELTGroup14Project/apartments/app/models/user.rb": [
        1,
        null,
        null,
        null,
        1,
        1,
        1,
        null,
        1,
        31,
        1,
        1,
        1,
        1,
        null,
        null,
        1,
        1,
        1,
        1,
        30,
        null,
        null
      ]
    },
    "timestamp": 1449738377
  }
}
